<?xml version="1.0" encoding="UTF-8"?>
<testsuite name="devops.tp1.Tp1ApplicationTests" tests="1" skipped="0" failures="0" errors="0" timestamp="2026-03-06T09:38:24.453Z" hostname="MANAPC" time="2.107">
  <properties/>
  <testcase name="contextLoads()" classname="devops.tp1.Tp1ApplicationTests" time="0.593"/>
  <system-out><![CDATA[10:38:24.642 [Test worker] INFO org.springframework.test.context.support.AnnotationConfigContextLoaderUtils -- Could not detect default configuration classes for test class [devops.tp1.Tp1ApplicationTests]: Tp1ApplicationTests does not declare any static, non-private, non-final, nested classes annotated with @Configuration.
10:38:24.736 [Test worker] INFO org.springframework.boot.test.context.SpringBootTestContextBootstrapper -- Found @SpringBootConfiguration devops.tp1.Tp1Application for test class devops.tp1.Tp1ApplicationTests

  .   ____          _            __ _ _
 /\\ / ___'_ __ _ _(_)_ __  __ _ \ \ \ \
( ( )\___ | '_ | '_| | '_ \/ _` | \ \ \ \
 \\/  ___)| |_)| | | | | || (_| |  ) ) ) )
  '  |____| .__|_| |_|_| |_\__, | / / / /
 =========|_|==============|___/=/_/_/_/

 :: Spring Boot ::                (v4.0.3)

2026-03-06T10:38:25.122+01:00  INFO 23740 --- [TP1] [    Test worker] devops.tp1.Tp1ApplicationTests           : Starting Tp1ApplicationTests using Java 17.0.5 with PID 23740 (started by Manou in C:\Users\Manou\Documents\Inge\INGE2\Docker\TP1)
2026-03-06T10:38:25.123+01:00  INFO 23740 --- [TP1] [    Test worker] devops.tp1.Tp1ApplicationTests           : No active profile set, falling back to 1 default profile: "default"
2026-03-06T10:38:25.954+01:00  INFO 23740 --- [TP1] [    Test worker] devops.tp1.Tp1ApplicationTests           : Started Tp1ApplicationTests in 1.076 seconds (process running for 2.326)
]]></system-out>
  <system-err><![CDATA[]]></system-err>
</testsuite>
